[2024-11-22T15:39:24.993+0000] {local_task_job_runner.py:123} INFO - ::group::Pre task execution logs
[2024-11-22T15:39:25.042+0000] {taskinstance.py:2613} INFO - Dependencies all met for dep_context=non-requeueable deps ti=<TaskInstance: weather_data_etl_pipeline.extract_task manual__2024-11-22T15:39:07.466980+00:00 [queued]>
[2024-11-22T15:39:25.111+0000] {taskinstance.py:2613} INFO - Dependencies all met for dep_context=requeueable deps ti=<TaskInstance: weather_data_etl_pipeline.extract_task manual__2024-11-22T15:39:07.466980+00:00 [queued]>
[2024-11-22T15:39:25.118+0000] {taskinstance.py:2866} INFO - Starting attempt 1 of 2
[2024-11-22T15:39:25.201+0000] {taskinstance.py:2889} INFO - Executing <Task(PythonOperator): extract_task> on 2024-11-22 15:39:07.466980+00:00
[2024-11-22T15:39:25.240+0000] {standard_task_runner.py:104} INFO - Running: ['airflow', 'tasks', 'run', 'weather_data_etl_pipeline', 'extract_task', 'manual__2024-11-22T15:39:07.466980+00:00', '--job-id', '34', '--raw', '--subdir', 'DAGS_FOLDER/weather_data_extraction.py', '--cfg-path', '/tmp/tmpn45aevro']
[2024-11-22T15:39:25.246+0000] {standard_task_runner.py:105} INFO - Job 34: Subtask extract_task
[2024-11-22T15:39:25.255+0000] {logging_mixin.py:190} WARNING - /home/vboxuser/airflow/airflow_venv/lib/python3.12/site-packages/airflow/task/task_runner/standard_task_runner.py:70 DeprecationWarning: This process (pid=45071) is multi-threaded, use of fork() may lead to deadlocks in the child.
[2024-11-22T15:39:25.266+0000] {standard_task_runner.py:72} INFO - Started process 45157 to run task
[2024-11-22T15:39:25.429+0000] {task_command.py:467} INFO - Running <TaskInstance: weather_data_etl_pipeline.extract_task manual__2024-11-22T15:39:07.466980+00:00 [running]> on host ubuntu
[2024-11-22T15:39:25.703+0000] {taskinstance.py:3132} INFO - Exporting env vars: AIRFLOW_CTX_DAG_OWNER='Team_14' AIRFLOW_CTX_DAG_ID='weather_data_etl_pipeline' AIRFLOW_CTX_TASK_ID='extract_task' AIRFLOW_CTX_EXECUTION_DATE='2024-11-22T15:39:07.466980+00:00' AIRFLOW_CTX_TRY_NUMBER='1' AIRFLOW_CTX_DAG_RUN_ID='manual__2024-11-22T15:39:07.466980+00:00'
[2024-11-22T15:39:25.704+0000] {logging_mixin.py:190} INFO - Task instance is in running state
[2024-11-22T15:39:25.704+0000] {logging_mixin.py:190} INFO -  Previous state of the Task instance: queued
[2024-11-22T15:39:25.704+0000] {logging_mixin.py:190} INFO - Current task name:extract_task state:running start_date:2024-11-22 15:39:25.060843+00:00
[2024-11-22T15:39:25.705+0000] {logging_mixin.py:190} INFO - Dag name:weather_data_etl_pipeline and current dag run status:running
[2024-11-22T15:39:25.705+0000] {taskinstance.py:731} INFO - ::endgroup::
[2024-11-22T15:39:25.787+0000] {logging_mixin.py:190} INFO - Dataset URL: https://www.kaggle.com/datasets/muthuj7/weather-dataset
[2024-11-22T15:39:29.364+0000] {python.py:240} INFO - Done. Returned value was: /home/vboxuser/airflow/weather-etl-pipeline/datasets/weatherHistory.csv
[2024-11-22T15:39:29.447+0000] {taskinstance.py:340} INFO - ::group::Post task execution logs
[2024-11-22T15:39:29.448+0000] {taskinstance.py:352} INFO - Marking task as SUCCESS. dag_id=weather_data_etl_pipeline, task_id=extract_task, run_id=manual__2024-11-22T15:39:07.466980+00:00, execution_date=20241122T153907, start_date=20241122T153925, end_date=20241122T153929
[2024-11-22T15:39:29.623+0000] {logging_mixin.py:190} INFO - Task instance in success state
[2024-11-22T15:39:29.624+0000] {logging_mixin.py:190} INFO -  Previous state of the Task instance: running
[2024-11-22T15:39:29.624+0000] {logging_mixin.py:190} INFO - Dag name:weather_data_etl_pipeline queued_at:2024-11-22 15:39:08.013858+00:00
[2024-11-22T15:39:29.625+0000] {logging_mixin.py:190} INFO - Task hostname:ubuntu operator:PythonOperator
[2024-11-22T15:39:29.822+0000] {local_task_job_runner.py:266} INFO - Task exited with return code 0
[2024-11-22T15:39:30.022+0000] {taskinstance.py:3895} INFO - 1 downstream tasks scheduled from follow-on schedule check
[2024-11-22T15:39:30.054+0000] {local_task_job_runner.py:245} INFO - ::endgroup::
