[2024-11-22T16:23:36.008+0000] {local_task_job_runner.py:123} INFO - ::group::Pre task execution logs
[2024-11-22T16:23:36.084+0000] {taskinstance.py:2613} INFO - Dependencies all met for dep_context=non-requeueable deps ti=<TaskInstance: weather_data_etl_pipeline.extract_task manual__2024-11-22T16:23:21.682638+00:00 [queued]>
[2024-11-22T16:23:36.133+0000] {taskinstance.py:2613} INFO - Dependencies all met for dep_context=requeueable deps ti=<TaskInstance: weather_data_etl_pipeline.extract_task manual__2024-11-22T16:23:21.682638+00:00 [queued]>
[2024-11-22T16:23:36.186+0000] {taskinstance.py:2866} INFO - Starting attempt 1 of 2
[2024-11-22T16:23:36.341+0000] {taskinstance.py:2889} INFO - Executing <Task(PythonOperator): extract_task> on 2024-11-22 16:23:21.682638+00:00
[2024-11-22T16:23:36.436+0000] {logging_mixin.py:190} WARNING - /home/vboxuser/airflow/airflow_venv/lib/python3.12/site-packages/airflow/task/task_runner/standard_task_runner.py:70 DeprecationWarning: This process (pid=52179) is multi-threaded, use of fork() may lead to deadlocks in the child.
[2024-11-22T16:23:36.467+0000] {standard_task_runner.py:72} INFO - Started process 52248 to run task
[2024-11-22T16:23:36.478+0000] {standard_task_runner.py:104} INFO - Running: ['airflow', 'tasks', 'run', 'weather_data_etl_pipeline', 'extract_task', 'manual__2024-11-22T16:23:21.682638+00:00', '--job-id', '44', '--raw', '--subdir', 'DAGS_FOLDER/weather_data_extraction.py', '--cfg-path', '/tmp/tmpat_b_lvd']
[2024-11-22T16:23:36.504+0000] {standard_task_runner.py:105} INFO - Job 44: Subtask extract_task
[2024-11-22T16:23:36.891+0000] {task_command.py:467} INFO - Running <TaskInstance: weather_data_etl_pipeline.extract_task manual__2024-11-22T16:23:21.682638+00:00 [running]> on host ubuntu
[2024-11-22T16:23:37.420+0000] {taskinstance.py:3132} INFO - Exporting env vars: AIRFLOW_CTX_DAG_OWNER='Team_14' AIRFLOW_CTX_DAG_ID='weather_data_etl_pipeline' AIRFLOW_CTX_TASK_ID='extract_task' AIRFLOW_CTX_EXECUTION_DATE='2024-11-22T16:23:21.682638+00:00' AIRFLOW_CTX_TRY_NUMBER='1' AIRFLOW_CTX_DAG_RUN_ID='manual__2024-11-22T16:23:21.682638+00:00'
[2024-11-22T16:23:37.421+0000] {logging_mixin.py:190} INFO - Task instance is in running state
[2024-11-22T16:23:37.422+0000] {logging_mixin.py:190} INFO -  Previous state of the Task instance: queued
[2024-11-22T16:23:37.422+0000] {logging_mixin.py:190} INFO - Current task name:extract_task state:running start_date:2024-11-22 16:23:36.101718+00:00
[2024-11-22T16:23:37.422+0000] {logging_mixin.py:190} INFO - Dag name:weather_data_etl_pipeline and current dag run status:running
[2024-11-22T16:23:37.452+0000] {taskinstance.py:731} INFO - ::endgroup::
[2024-11-22T16:23:37.663+0000] {logging_mixin.py:190} INFO - Dataset URL: https://www.kaggle.com/datasets/muthuj7/weather-dataset
[2024-11-22T16:23:42.371+0000] {python.py:240} INFO - Done. Returned value was: /home/vboxuser/airflow/weather-etl-pipeline/datasets/weatherHistory.csv
[2024-11-22T16:23:42.480+0000] {taskinstance.py:340} INFO - ::group::Post task execution logs
[2024-11-22T16:23:42.480+0000] {taskinstance.py:352} INFO - Marking task as SUCCESS. dag_id=weather_data_etl_pipeline, task_id=extract_task, run_id=manual__2024-11-22T16:23:21.682638+00:00, execution_date=20241122T162321, start_date=20241122T162336, end_date=20241122T162342
[2024-11-22T16:23:42.536+0000] {logging_mixin.py:190} INFO - Task instance in success state
[2024-11-22T16:23:42.537+0000] {logging_mixin.py:190} INFO -  Previous state of the Task instance: running
[2024-11-22T16:23:42.537+0000] {logging_mixin.py:190} INFO - Dag name:weather_data_etl_pipeline queued_at:2024-11-22 16:23:21.835217+00:00
[2024-11-22T16:23:42.537+0000] {logging_mixin.py:190} INFO - Task hostname:ubuntu operator:PythonOperator
[2024-11-22T16:23:42.583+0000] {local_task_job_runner.py:266} INFO - Task exited with return code 0
[2024-11-22T16:23:42.668+0000] {taskinstance.py:3895} INFO - 1 downstream tasks scheduled from follow-on schedule check
[2024-11-22T16:23:42.699+0000] {local_task_job_runner.py:245} INFO - ::endgroup::
