[2024-11-22T16:24:00.817+0000] {local_task_job_runner.py:123} INFO - ::group::Pre task execution logs
[2024-11-22T16:24:00.883+0000] {taskinstance.py:2613} INFO - Dependencies all met for dep_context=non-requeueable deps ti=<TaskInstance: weather_data_etl_pipeline.transform_task manual__2024-11-22T16:23:21.682638+00:00 [queued]>
[2024-11-22T16:24:00.947+0000] {taskinstance.py:2613} INFO - Dependencies all met for dep_context=requeueable deps ti=<TaskInstance: weather_data_etl_pipeline.transform_task manual__2024-11-22T16:23:21.682638+00:00 [queued]>
[2024-11-22T16:24:00.957+0000] {taskinstance.py:2866} INFO - Starting attempt 1 of 2
[2024-11-22T16:24:01.093+0000] {taskinstance.py:2889} INFO - Executing <Task(PythonOperator): transform_task> on 2024-11-22 16:23:21.682638+00:00
[2024-11-22T16:24:01.165+0000] {standard_task_runner.py:104} INFO - Running: ['airflow', 'tasks', 'run', 'weather_data_etl_pipeline', 'transform_task', 'manual__2024-11-22T16:23:21.682638+00:00', '--job-id', '45', '--raw', '--subdir', 'DAGS_FOLDER/weather_data_extraction.py', '--cfg-path', '/tmp/tmpt5qg_y82']
[2024-11-22T16:24:01.183+0000] {standard_task_runner.py:105} INFO - Job 45: Subtask transform_task
[2024-11-22T16:24:01.171+0000] {logging_mixin.py:190} WARNING - /home/vboxuser/airflow/airflow_venv/lib/python3.12/site-packages/airflow/task/task_runner/standard_task_runner.py:70 DeprecationWarning: This process (pid=52309) is multi-threaded, use of fork() may lead to deadlocks in the child.
[2024-11-22T16:24:01.192+0000] {standard_task_runner.py:72} INFO - Started process 52368 to run task
[2024-11-22T16:24:01.538+0000] {task_command.py:467} INFO - Running <TaskInstance: weather_data_etl_pipeline.transform_task manual__2024-11-22T16:23:21.682638+00:00 [running]> on host ubuntu
[2024-11-22T16:24:02.072+0000] {taskinstance.py:3132} INFO - Exporting env vars: AIRFLOW_CTX_DAG_OWNER='Team_14' AIRFLOW_CTX_DAG_ID='weather_data_etl_pipeline' AIRFLOW_CTX_TASK_ID='transform_task' AIRFLOW_CTX_EXECUTION_DATE='2024-11-22T16:23:21.682638+00:00' AIRFLOW_CTX_TRY_NUMBER='1' AIRFLOW_CTX_DAG_RUN_ID='manual__2024-11-22T16:23:21.682638+00:00'
[2024-11-22T16:24:02.074+0000] {logging_mixin.py:190} INFO - Task instance is in running state
[2024-11-22T16:24:02.074+0000] {logging_mixin.py:190} INFO -  Previous state of the Task instance: queued
[2024-11-22T16:24:02.075+0000] {logging_mixin.py:190} INFO - Current task name:transform_task state:running start_date:2024-11-22 16:24:00.885922+00:00
[2024-11-22T16:24:02.075+0000] {logging_mixin.py:190} INFO - Dag name:weather_data_etl_pipeline and current dag run status:running
[2024-11-22T16:24:02.075+0000] {taskinstance.py:731} INFO - ::endgroup::
[2024-11-22T16:24:21.975+0000] {logging_mixin.py:190} WARNING - /home/vboxuser/airflow/weather-etl-pipeline/dags/weather_data_extraction.py:94 FutureWarning: A value is trying to be set on a copy of a DataFrame or Series through chained assignment using an inplace method.
The behavior will change in pandas 3.0. This inplace method will never work because the intermediate object on which we are setting values always behaves as a copy.

For example, when doing 'df[col].method(value, inplace=True)', try using 'df.method({col: value}, inplace=True)' or df[col] = df[col].method(value) instead, to perform the operation inplace on the original object.
[2024-11-22T16:24:22.295+0000] {python.py:240} INFO - Done. Returned value was: None
[2024-11-22T16:24:22.302+0000] {taskinstance.py:340} INFO - ::group::Post task execution logs
[2024-11-22T16:24:22.303+0000] {taskinstance.py:352} INFO - Marking task as SUCCESS. dag_id=weather_data_etl_pipeline, task_id=transform_task, run_id=manual__2024-11-22T16:23:21.682638+00:00, execution_date=20241122T162321, start_date=20241122T162400, end_date=20241122T162422
[2024-11-22T16:24:22.318+0000] {logging_mixin.py:190} INFO - Task instance in success state
[2024-11-22T16:24:22.319+0000] {logging_mixin.py:190} INFO -  Previous state of the Task instance: running
[2024-11-22T16:24:22.319+0000] {logging_mixin.py:190} INFO - Dag name:weather_data_etl_pipeline queued_at:2024-11-22 16:23:21.835217+00:00
[2024-11-22T16:24:22.319+0000] {logging_mixin.py:190} INFO - Task hostname:ubuntu operator:PythonOperator
[2024-11-22T16:24:22.361+0000] {local_task_job_runner.py:266} INFO - Task exited with return code 0
[2024-11-22T16:24:22.386+0000] {taskinstance.py:3895} INFO - 1 downstream tasks scheduled from follow-on schedule check
[2024-11-22T16:24:22.408+0000] {local_task_job_runner.py:245} INFO - ::endgroup::
